0 info it worked if it ends with ok
1 verbose cli [ '/usr/local/Cellar/node/7.4.0/bin/node',
1 verbose cli   '/usr/local/bin/npm',
1 verbose cli   'start' ]
2 info using npm@4.0.5
3 info using node@v7.4.0
4 verbose run-script [ 'prestart', 'start', 'poststart' ]
5 info lifecycle seemless@0.2.8~prestart: seemless@0.2.8
6 silly lifecycle seemless@0.2.8~prestart: no script for prestart, continuing
7 info lifecycle seemless@0.2.8~start: seemless@0.2.8
8 verbose lifecycle seemless@0.2.8~start: unsafe-perm in lifecycle true
9 verbose lifecycle seemless@0.2.8~start: PATH: /usr/local/lib/node_modules/npm/bin/node-gyp-bin:/Users/cgaspard/Projects/cgaspard/seemless/node_modules/.bin:/usr/local/sbin:/usr/local/bin:/usr/bin:/bin:/usr/sbin:/sbin:/usr/local/share/dotnet:/Library/Frameworks/Mono.framework/Versions/Current/Commands:/Library/PostgreSQL/9.6/bin:/Users/cgaspard/Bin
10 verbose lifecycle seemless@0.2.8~start: CWD: /Users/cgaspard/Projects/cgaspard/seemless
11 silly lifecycle seemless@0.2.8~start: Args: [ '-c', 'node examples/app.js' ]
12 silly lifecycle seemless@0.2.8~start: Returned: code: 1  signal: null
13 info lifecycle seemless@0.2.8~start: Failed to exec start script
14 verbose stack Error: seemless@0.2.8 start: `node examples/app.js`
14 verbose stack Exit status 1
14 verbose stack     at EventEmitter.<anonymous> (/usr/local/lib/node_modules/npm/lib/utils/lifecycle.js:279:16)
14 verbose stack     at emitTwo (events.js:106:13)
14 verbose stack     at EventEmitter.emit (events.js:191:7)
14 verbose stack     at ChildProcess.<anonymous> (/usr/local/lib/node_modules/npm/lib/utils/spawn.js:40:14)
14 verbose stack     at emitTwo (events.js:106:13)
14 verbose stack     at ChildProcess.emit (events.js:191:7)
14 verbose stack     at maybeClose (internal/child_process.js:885:16)
14 verbose stack     at Process.ChildProcess._handle.onexit (internal/child_process.js:226:5)
15 verbose pkgid seemless@0.2.8
16 verbose cwd /Users/cgaspard/Projects/cgaspard/seemless
17 error Darwin 16.4.0
18 error argv "/usr/local/Cellar/node/7.4.0/bin/node" "/usr/local/bin/npm" "start"
19 error node v7.4.0
20 error npm  v4.0.5
21 error code ELIFECYCLE
22 error seemless@0.2.8 start: `node examples/app.js`
22 error Exit status 1
23 error Failed at the seemless@0.2.8 start script 'node examples/app.js'.
23 error Make sure you have the latest version of node.js and npm installed.
23 error If you do, this is most likely a problem with the seemless package,
23 error not with npm itself.
23 error Tell the author that this fails on your system:
23 error     node examples/app.js
23 error You can get information on how to open an issue for this project with:
23 error     npm bugs seemless
23 error Or if that isn't available, you can get their info via:
23 error     npm owner ls seemless
23 error There is likely additional logging output above.
24 verbose exit [ 1, true ]
